# JRE version: OpenJDK Runtime Environment (17.0.6) (build 17.0.6+0-b2043.56-10027231)
# Java VM: OpenJDK 64-Bit Server VM (17.0.6+0-b2043.56-10027231, mixed mode, tiered, compressed oops, compressed class ptrs, g1 gc, windows-amd64)
GC Precious Log:
 CPUs: 8 total, 8 available
 Memory: 16064M
 Large Page Support: Disabled
 NUMA Support: Disabled
 Compressed Oops: Enabled (32-bit)
 Heap Region Size: 1M
 Heap Min Capacity: 8M
 Heap Initial Capacity: 252M
 Heap Max Capacity: 2G
 Pre-touch: Disabled
 Parallel Workers: 8
 Concurrent Workers: 2
 Concurrent Refinement Workers: 8
 Periodic GC: Disabled
Heap:
 garbage-first heap   total 293888K, used 235220K [0x0000000080000000, 0x0000000100000000)
  region size 1024K, 79 young (80896K), 2 survivors (2048K)
 Metaspace       used 137282K, committed 138816K, reserved 1171456K
  class space    used 18503K, committed 19264K, reserved 1048576K
GC Heap History (20 events):
Event: 888.365 GC heap before
{Heap before GC invocations=65 (full 0):
 garbage-first heap   total 286720K, used 167456K [0x0000000080000000, 0x0000000100000000)
  region size 1024K, 14 young (14336K), 6 survivors (6144K)
 Metaspace       used 135476K, committed 136576K, reserved 1171456K
  class space    used 18277K, committed 18816K, reserved 1048576K
}
Event: 888.375 GC heap after
{Heap after GC invocations=66 (full 0):
 garbage-first heap   total 286720K, used 158724K [0x0000000080000000, 0x0000000100000000)
  region size 1024K, 2 young (2048K), 2 survivors (2048K)
 Metaspace       used 135476K, committed 136576K, reserved 1171456K
  class space    used 18277K, committed 18816K, reserved 1048576K
}
Event: 889.041 GC heap before
{Heap before GC invocations=66 (full 0):
 garbage-first heap   total 286720K, used 236548K [0x0000000080000000, 0x0000000100000000)
  region size 1024K, 79 young (80896K), 2 survivors (2048K)
 Metaspace       used 135615K, committed 136704K, reserved 1171456K
  class space    used 18278K, committed 18816K, reserved 1048576K
}
Event: 889.053 GC heap after
{Heap after GC invocations=67 (full 0):
 garbage-first heap   total 286720K, used 168345K [0x0000000080000000, 0x0000000100000000)
  region size 1024K, 10 young (10240K), 10 survivors (10240K)
 Metaspace       used 135615K, committed 136704K, reserved 1171456K
  class space    used 18278K, committed 18816K, reserved 1048576K
}
Event: 945.636 GC heap before
{Heap before GC invocations=68 (full 0):
 garbage-first heap   total 286720K, used 226713K [0x0000000080000000, 0x0000000100000000)
  region size 1024K, 78 young (79872K), 10 survivors (10240K)
 Metaspace       used 135813K, committed 136960K, reserved 1171456K
  class space    used 18291K, committed 18880K, reserved 1048576K
}
Event: 945.652 GC heap after
{Heap after GC invocations=69 (full 0):
 garbage-first heap   total 286720K, used 164082K [0x0000000080000000, 0x0000000100000000)
  region size 1024K, 8 young (8192K), 8 survivors (8192K)
 Metaspace       used 135813K, committed 136960K, reserved 1171456K
  class space    used 18291K, committed 18880K, reserved 1048576K
}
Event: 945.749 GC heap before
{Heap before GC invocations=69 (full 0):
 garbage-first heap   total 286720K, used 170226K [0x0000000080000000, 0x0000000100000000)
  region size 1024K, 14 young (14336K), 8 survivors (8192K)
 Metaspace       used 135873K, committed 137024K, reserved 1171456K
  class space    used 18292K, committed 18880K, reserved 1048576K
}
Event: 945.757 GC heap after
{Heap after GC invocations=70 (full 0):
 garbage-first heap   total 286720K, used 151991K [0x0000000080000000, 0x0000000100000000)
  region size 1024K, 2 young (2048K), 2 survivors (2048K)
 Metaspace       used 135873K, committed 137024K, reserved 1171456K
  class space    used 18292K, committed 18880K, reserved 1048576K
}
Event: 1079.816 GC heap before
{Heap before GC invocations=70 (full 0):
 garbage-first heap   total 286720K, used 233911K [0x0000000080000000, 0x0000000100000000)
  region size 1024K, 82 young (83968K), 2 survivors (2048K)
 Metaspace       used 136002K, committed 137152K, reserved 1171456K
  class space    used 18294K, committed 18880K, reserved 1048576K
}
Event: 1079.825 GC heap after
{Heap after GC invocations=71 (full 0):
 garbage-first heap   total 286720K, used 158151K [0x0000000080000000, 0x0000000100000000)
  region size 1024K, 8 young (8192K), 8 survivors (8192K)
 Metaspace       used 136002K, committed 137152K, reserved 1171456K
  class space    used 18294K, committed 18880K, reserved 1048576K
}
Event: 1080.723 GC heap before
{Heap before GC invocations=72 (full 0):
 garbage-first heap   total 293888K, used 229831K [0x0000000080000000, 0x0000000100000000)
  region size 1024K, 83 young (84992K), 8 survivors (8192K)
 Metaspace       used 136197K, committed 137408K, reserved 1171456K
  class space    used 18295K, committed 18880K, reserved 1048576K
}
Event: 1080.734 GC heap after
{Heap after GC invocations=73 (full 0):
 garbage-first heap   total 293888K, used 163875K [0x0000000080000000, 0x0000000100000000)
  region size 1024K, 10 young (10240K), 10 survivors (10240K)
 Metaspace       used 136197K, committed 137408K, reserved 1171456K
  class space    used 18295K, committed 18880K, reserved 1048576K
}
Event: 1080.763 GC heap before
{Heap before GC invocations=73 (full 0):
 garbage-first heap   total 293888K, used 167971K [0x0000000080000000, 0x0000000100000000)
  region size 1024K, 14 young (14336K), 10 survivors (10240K)
 Metaspace       used 136202K, committed 137408K, reserved 1171456K
  class space    used 18295K, committed 18880K, reserved 1048576K
}
Event: 1080.777 GC heap after
{Heap after GC invocations=74 (full 0):
 garbage-first heap   total 293888K, used 155156K [0x0000000080000000, 0x0000000100000000)
  region size 1024K, 2 young (2048K), 2 survivors (2048K)
 Metaspace       used 136202K, committed 137408K, reserved 1171456K
  class space    used 18295K, committed 18880K, reserved 1048576K
}
Event: 1240.064 GC heap before
{Heap before GC invocations=74 (full 0):
 garbage-first heap   total 293888K, used 238100K [0x0000000080000000, 0x0000000100000000)
  region size 1024K, 83 young (84992K), 2 survivors (2048K)
 Metaspace       used 136331K, committed 137536K, reserved 1171456K
  class space    used 18308K, committed 18880K, reserved 1048576K
}
Event: 1240.071 GC heap after
{Heap after GC invocations=75 (full 0):
 garbage-first heap   total 293888K, used 159825K [0x0000000080000000, 0x0000000100000000)
  region size 1024K, 6 young (6144K), 6 survivors (6144K)
 Metaspace       used 136331K, committed 137536K, reserved 1171456K
  class space    used 18308K, committed 18880K, reserved 1048576K
}
Event: 1240.823 GC heap before
{Heap before GC invocations=76 (full 0):
 garbage-first heap   total 293888K, used 238673K [0x0000000080000000, 0x0000000100000000)
  region size 1024K, 85 young (87040K), 6 survivors (6144K)
 Metaspace       used 136920K, committed 138368K, reserved 1171456K
  class space    used 18431K, committed 19136K, reserved 1048576K
}
Event: 1240.835 GC heap after
{Heap after GC invocations=77 (full 0):
 garbage-first heap   total 293888K, used 167835K [0x0000000080000000, 0x0000000100000000)
  region size 1024K, 11 young (11264K), 11 survivors (11264K)
 Metaspace       used 136920K, committed 138368K, reserved 1171456K
  class space    used 18431K, committed 19136K, reserved 1048576K
}
Event: 1240.868 GC heap before
{Heap before GC invocations=77 (full 0):
 garbage-first heap   total 293888K, used 170907K [0x0000000080000000, 0x0000000100000000)
  region size 1024K, 14 young (14336K), 11 survivors (11264K)
 Metaspace       used 136961K, committed 138368K, reserved 1171456K
  class space    used 18443K, committed 19136K, reserved 1048576K
}
Event: 1240.878 GC heap after
{Heap after GC invocations=78 (full 0):
 garbage-first heap   total 293888K, used 158420K [0x0000000080000000, 0x0000000100000000)
  region size 1024K, 2 young (2048K), 2 survivors (2048K)
 Metaspace       used 136961K, committed 138368K, reserved 1171456K
  class space    used 18443K, committed 19136K, reserved 1048576K
}

