# JRE version: OpenJDK Runtime Environment (17.0.6) (build 17.0.6+0-b2043.56-10027231)
# Java VM: OpenJDK 64-Bit Server VM (17.0.6+0-b2043.56-10027231, mixed mode, tiered, compressed oops, compressed class ptrs, g1 gc, windows-amd64)
GC Precious Log:
 CPUs: 8 total, 8 available
 Memory: 16064M
 Large Page Support: Disabled
 NUMA Support: Disabled
 Compressed Oops: Enabled (32-bit)
 Heap Region Size: 1M
 Heap Min Capacity: 8M
 Heap Initial Capacity: 252M
 Heap Max Capacity: 2G
 Pre-touch: Disabled
 Parallel Workers: 8
 Concurrent Workers: 2
 Concurrent Refinement Workers: 8
 Periodic GC: Disabled
Heap:
 garbage-first heap   total 416768K, used 162577K [0x0000000080000000, 0x0000000100000000)
  region size 1024K, 45 young (46080K), 13 survivors (13312K)
 Metaspace       used 100810K, committed 101632K, reserved 1138688K
  class space    used 13661K, committed 14080K, reserved 1048576K
GC Heap History (20 events):
Event: 13.185 GC heap before
{Heap before GC invocations=24 (full 0):
 garbage-first heap   total 143360K, used 118038K [0x0000000080000000, 0x0000000100000000)
  region size 1024K, 40 young (40960K), 1 survivors (1024K)
 Metaspace       used 93263K, committed 93888K, reserved 1130496K
  class space    used 12769K, committed 13056K, reserved 1048576K
}
Event: 13.190 GC heap after
{Heap after GC invocations=25 (full 0):
 garbage-first heap   total 232448K, used 80808K [0x0000000080000000, 0x0000000100000000)
  region size 1024K, 4 young (4096K), 4 survivors (4096K)
 Metaspace       used 93263K, committed 93888K, reserved 1130496K
  class space    used 12769K, committed 13056K, reserved 1048576K
}
Event: 14.365 GC heap before
{Heap before GC invocations=26 (full 0):
 garbage-first heap   total 232448K, used 181160K [0x0000000080000000, 0x0000000100000000)
  region size 1024K, 102 young (104448K), 4 survivors (4096K)
 Metaspace       used 96263K, committed 96960K, reserved 1138688K
  class space    used 13216K, committed 13504K, reserved 1048576K
}
Event: 14.376 GC heap after
{Heap after GC invocations=27 (full 0):
 garbage-first heap   total 232448K, used 93423K [0x0000000080000000, 0x0000000100000000)
  region size 1024K, 13 young (13312K), 13 survivors (13312K)
 Metaspace       used 96263K, committed 96960K, reserved 1138688K
  class space    used 13216K, committed 13504K, reserved 1048576K
}
Event: 14.407 GC heap before
{Heap before GC invocations=27 (full 0):
 garbage-first heap   total 232448K, used 94447K [0x0000000080000000, 0x0000000100000000)
  region size 1024K, 14 young (14336K), 13 survivors (13312K)
 Metaspace       used 96302K, committed 96960K, reserved 1138688K
  class space    used 13216K, committed 13504K, reserved 1048576K
}
Event: 14.417 GC heap after
{Heap after GC invocations=28 (full 0):
 garbage-first heap   total 232448K, used 94709K [0x0000000080000000, 0x0000000100000000)
  region size 1024K, 2 young (2048K), 2 survivors (2048K)
 Metaspace       used 96302K, committed 96960K, reserved 1138688K
  class space    used 13216K, committed 13504K, reserved 1048576K
}
Event: 15.058 GC heap before
{Heap before GC invocations=28 (full 0):
 garbage-first heap   total 232448K, used 178677K [0x0000000080000000, 0x0000000100000000)
  region size 1024K, 85 young (87040K), 2 survivors (2048K)
 Metaspace       used 97309K, committed 97984K, reserved 1138688K
  class space    used 13383K, committed 13696K, reserved 1048576K
}
Event: 15.065 GC heap after
{Heap after GC invocations=29 (full 0):
 garbage-first heap   total 232448K, used 100598K [0x0000000080000000, 0x0000000100000000)
  region size 1024K, 8 young (8192K), 8 survivors (8192K)
 Metaspace       used 97309K, committed 97984K, reserved 1138688K
  class space    used 13383K, committed 13696K, reserved 1048576K
}
Event: 15.716 GC heap before
{Heap before GC invocations=29 (full 0):
 garbage-first heap   total 232448K, used 181494K [0x0000000080000000, 0x0000000100000000)
  region size 1024K, 88 young (90112K), 8 survivors (8192K)
 Metaspace       used 97866K, committed 98560K, reserved 1138688K
  class space    used 13422K, committed 13760K, reserved 1048576K
}
Event: 15.725 GC heap after
{Heap after GC invocations=30 (full 0):
 garbage-first heap   total 232448K, used 106565K [0x0000000080000000, 0x0000000100000000)
  region size 1024K, 8 young (8192K), 8 survivors (8192K)
 Metaspace       used 97866K, committed 98560K, reserved 1138688K
  class space    used 13422K, committed 13760K, reserved 1048576K
}
Event: 16.196 GC heap before
{Heap before GC invocations=30 (full 0):
 garbage-first heap   total 232448K, used 183365K [0x0000000080000000, 0x0000000100000000)
  region size 1024K, 84 young (86016K), 8 survivors (8192K)
 Metaspace       used 98154K, committed 98880K, reserved 1138688K
  class space    used 13461K, committed 13824K, reserved 1048576K
}
Event: 16.204 GC heap after
{Heap after GC invocations=31 (full 0):
 garbage-first heap   total 232448K, used 110830K [0x0000000080000000, 0x0000000100000000)
  region size 1024K, 7 young (7168K), 7 survivors (7168K)
 Metaspace       used 98154K, committed 98880K, reserved 1138688K
  class space    used 13461K, committed 13824K, reserved 1048576K
}
Event: 16.677 GC heap before
{Heap before GC invocations=31 (full 0):
 garbage-first heap   total 232448K, used 185582K [0x0000000080000000, 0x0000000100000000)
  region size 1024K, 81 young (82944K), 7 survivors (7168K)
 Metaspace       used 98434K, committed 99136K, reserved 1138688K
  class space    used 13484K, committed 13824K, reserved 1048576K
}
Event: 16.686 GC heap after
{Heap after GC invocations=32 (full 0):
 garbage-first heap   total 232448K, used 114741K [0x0000000080000000, 0x0000000100000000)
  region size 1024K, 6 young (6144K), 6 survivors (6144K)
 Metaspace       used 98434K, committed 99136K, reserved 1138688K
  class space    used 13484K, committed 13824K, reserved 1048576K
}
Event: 16.949 GC heap before
{Heap before GC invocations=32 (full 0):
 garbage-first heap   total 232448K, used 187445K [0x0000000080000000, 0x0000000100000000)
  region size 1024K, 78 young (79872K), 6 survivors (6144K)
 Metaspace       used 98481K, committed 99200K, reserved 1138688K
  class space    used 13486K, committed 13824K, reserved 1048576K
}
Event: 16.957 GC heap after
{Heap after GC invocations=33 (full 0):
 garbage-first heap   total 232448K, used 119316K [0x0000000080000000, 0x0000000100000000)
  region size 1024K, 7 young (7168K), 7 survivors (7168K)
 Metaspace       used 98481K, committed 99200K, reserved 1138688K
  class space    used 13486K, committed 13824K, reserved 1048576K
}
Event: 60.173 GC heap before
{Heap before GC invocations=33 (full 0):
 garbage-first heap   total 232448K, used 188948K [0x0000000080000000, 0x0000000100000000)
  region size 1024K, 76 young (77824K), 7 survivors (7168K)
 Metaspace       used 99474K, committed 100224K, reserved 1138688K
  class space    used 13611K, committed 14016K, reserved 1048576K
}
Event: 60.182 GC heap after
{Heap after GC invocations=34 (full 0):
 garbage-first heap   total 416768K, used 122045K [0x0000000080000000, 0x0000000100000000)
  region size 1024K, 5 young (5120K), 5 survivors (5120K)
 Metaspace       used 99474K, committed 100224K, reserved 1138688K
  class space    used 13611K, committed 14016K, reserved 1048576K
}
Event: 168.415 GC heap before
{Heap before GC invocations=34 (full 0):
 garbage-first heap   total 416768K, used 326845K [0x0000000080000000, 0x0000000100000000)
  region size 1024K, 206 young (210944K), 5 survivors (5120K)
 Metaspace       used 100775K, committed 101568K, reserved 1138688K
  class space    used 13660K, committed 14080K, reserved 1048576K
}
Event: 168.430 GC heap after
{Heap after GC invocations=35 (full 0):
 garbage-first heap   total 416768K, used 130833K [0x0000000080000000, 0x0000000100000000)
  region size 1024K, 13 young (13312K), 13 survivors (13312K)
 Metaspace       used 100775K, committed 101568K, reserved 1138688K
  class space    used 13660K, committed 14080K, reserved 1048576K
}

